d:\dany\uni\tpv\practica2\holasdl\debug\vc142.pdb
d:\dany\uni\tpv\practica2\holasdl\debug\vc142.idb
d:\dany\uni\tpv\practica2\holasdl\debug\vector2d.obj
d:\dany\uni\tpv\practica2\holasdl\debug\texture.obj
d:\dany\uni\tpv\practica2\holasdl\debug\smartghost.obj
d:\dany\uni\tpv\practica2\holasdl\debug\pacman.obj
d:\dany\uni\tpv\practica2\holasdl\debug\main.obj
d:\dany\uni\tpv\practica2\holasdl\debug\infobar.obj
d:\dany\uni\tpv\practica2\holasdl\debug\ghost.obj
d:\dany\uni\tpv\practica2\holasdl\debug\gameobject.obj
d:\dany\uni\tpv\practica2\holasdl\debug\gamemap.obj
d:\dany\uni\tpv\practica2\holasdl\debug\gamecharacter.obj
d:\dany\uni\tpv\practica2\holasdl\debug\game.obj
d:\dany\uni\tpv\practica2\bin\holasdldebug.exe
d:\dany\uni\tpv\practica2\bin\holasdldebug.ilk
d:\dany\uni\tpv\practica2\bin\holasdldebug.pdb
d:\dany\uni\tpv\practica2\holasdl\debug\holasdl.tlog\cl.command.1.tlog
d:\dany\uni\tpv\practica2\holasdl\debug\holasdl.tlog\cl.read.1.tlog
d:\dany\uni\tpv\practica2\holasdl\debug\holasdl.tlog\cl.write.1.tlog
d:\dany\uni\tpv\practica2\holasdl\debug\holasdl.tlog\link.command.1.tlog
d:\dany\uni\tpv\practica2\holasdl\debug\holasdl.tlog\link.read.1.tlog
d:\dany\uni\tpv\practica2\holasdl\debug\holasdl.tlog\link.write.1.tlog
